20-Aug-2022 00:50:18.700 INFO [main] org.apache.catalina.startup.VersionLoggerListener.log Server version name:   Apache Tomcat/9.0.65
20-Aug-2022 00:50:18.714 INFO [main] org.apache.catalina.startup.VersionLoggerListener.log Server built:          Jul 14 2022 12:28:53 UTC
20-Aug-2022 00:50:18.714 INFO [main] org.apache.catalina.startup.VersionLoggerListener.log Server version number: 9.0.65.0
20-Aug-2022 00:50:18.714 INFO [main] org.apache.catalina.startup.VersionLoggerListener.log OS Name:               Windows 10
20-Aug-2022 00:50:18.714 INFO [main] org.apache.catalina.startup.VersionLoggerListener.log OS Version:            10.0
20-Aug-2022 00:50:18.714 INFO [main] org.apache.catalina.startup.VersionLoggerListener.log Architecture:          amd64
20-Aug-2022 00:50:18.714 INFO [main] org.apache.catalina.startup.VersionLoggerListener.log Java Home:             C:\Program Files\Java\jdk-16.0.2
20-Aug-2022 00:50:18.714 INFO [main] org.apache.catalina.startup.VersionLoggerListener.log JVM Version:           16.0.2+7-67
20-Aug-2022 00:50:18.714 INFO [main] org.apache.catalina.startup.VersionLoggerListener.log JVM Vendor:            Oracle Corporation
20-Aug-2022 00:50:18.714 INFO [main] org.apache.catalina.startup.VersionLoggerListener.log CATALINA_BASE:         C:\Users\Ali Hassan\Desktop\apache-tomcat-9.0.65- Index\apache-tomcat-9.0.65
20-Aug-2022 00:50:18.714 INFO [main] org.apache.catalina.startup.VersionLoggerListener.log CATALINA_HOME:         C:\Users\Ali Hassan\Desktop\apache-tomcat-9.0.65- Index\apache-tomcat-9.0.65
20-Aug-2022 00:50:18.729 INFO [main] org.apache.catalina.startup.VersionLoggerListener.log Command line argument: --add-opens=java.base/java.lang=ALL-UNNAMED
20-Aug-2022 00:50:18.729 INFO [main] org.apache.catalina.startup.VersionLoggerListener.log Command line argument: --add-opens=java.base/java.io=ALL-UNNAMED
20-Aug-2022 00:50:18.729 INFO [main] org.apache.catalina.startup.VersionLoggerListener.log Command line argument: --add-opens=java.base/java.util=ALL-UNNAMED
20-Aug-2022 00:50:18.729 INFO [main] org.apache.catalina.startup.VersionLoggerListener.log Command line argument: --add-opens=java.base/java.util.concurrent=ALL-UNNAMED
20-Aug-2022 00:50:18.729 INFO [main] org.apache.catalina.startup.VersionLoggerListener.log Command line argument: --add-opens=java.rmi/sun.rmi.transport=ALL-UNNAMED
20-Aug-2022 00:50:18.729 INFO [main] org.apache.catalina.startup.VersionLoggerListener.log Command line argument: -Djava.util.logging.config.file=C:\Users\Ali Hassan\Desktop\apache-tomcat-9.0.65- Index\apache-tomcat-9.0.65\conf\logging.properties
20-Aug-2022 00:50:18.729 INFO [main] org.apache.catalina.startup.VersionLoggerListener.log Command line argument: -Djava.util.logging.manager=org.apache.juli.ClassLoaderLogManager
20-Aug-2022 00:50:18.729 INFO [main] org.apache.catalina.startup.VersionLoggerListener.log Command line argument: -Djdk.tls.ephemeralDHKeySize=2048
20-Aug-2022 00:50:18.729 INFO [main] org.apache.catalina.startup.VersionLoggerListener.log Command line argument: -Djava.protocol.handler.pkgs=org.apache.catalina.webresources
20-Aug-2022 00:50:18.729 INFO [main] org.apache.catalina.startup.VersionLoggerListener.log Command line argument: -Dignore.endorsed.dirs=
20-Aug-2022 00:50:18.729 INFO [main] org.apache.catalina.startup.VersionLoggerListener.log Command line argument: -Dcatalina.base=C:\Users\Ali Hassan\Desktop\apache-tomcat-9.0.65- Index\apache-tomcat-9.0.65
20-Aug-2022 00:50:18.729 INFO [main] org.apache.catalina.startup.VersionLoggerListener.log Command line argument: -Dcatalina.home=C:\Users\Ali Hassan\Desktop\apache-tomcat-9.0.65- Index\apache-tomcat-9.0.65
20-Aug-2022 00:50:18.729 INFO [main] org.apache.catalina.startup.VersionLoggerListener.log Command line argument: -Djava.io.tmpdir=C:\Users\Ali Hassan\Desktop\apache-tomcat-9.0.65- Index\apache-tomcat-9.0.65\temp
20-Aug-2022 00:50:18.745 INFO [main] org.apache.catalina.core.AprLifecycleListener.lifecycleEvent Loaded Apache Tomcat Native library [1.2.35] using APR version [1.7.0].
20-Aug-2022 00:50:18.745 INFO [main] org.apache.catalina.core.AprLifecycleListener.lifecycleEvent APR capabilities: IPv6 [true], sendfile [true], accept filters [false], random [true], UDS [true].
20-Aug-2022 00:50:18.745 INFO [main] org.apache.catalina.core.AprLifecycleListener.lifecycleEvent APR/OpenSSL configuration: useAprConnector [false], useOpenSSL [true]
20-Aug-2022 00:50:18.761 INFO [main] org.apache.catalina.core.AprLifecycleListener.initializeSSL OpenSSL successfully initialized [OpenSSL 1.1.1q  5 Jul 2022]
20-Aug-2022 00:50:19.167 INFO [main] org.apache.coyote.AbstractProtocol.init Initializing ProtocolHandler ["http-nio-8080"]
20-Aug-2022 00:50:19.229 INFO [main] org.apache.catalina.startup.Catalina.load Server initialization in [791] milliseconds
20-Aug-2022 00:50:19.323 INFO [main] org.apache.catalina.core.StandardService.startInternal Starting service [Catalina]
20-Aug-2022 00:50:19.323 INFO [main] org.apache.catalina.core.StandardEngine.startInternal Starting Servlet engine: [Apache Tomcat/9.0.65]
20-Aug-2022 00:50:19.339 INFO [main] org.apache.catalina.startup.HostConfig.deployDirectory Deploying web application directory [C:\Users\Ali Hassan\Desktop\apache-tomcat-9.0.65- Index\apache-tomcat-9.0.65\webapps\docs]
20-Aug-2022 00:50:19.842 INFO [main] org.apache.catalina.startup.HostConfig.deployDirectory Deployment of web application directory [C:\Users\Ali Hassan\Desktop\apache-tomcat-9.0.65- Index\apache-tomcat-9.0.65\webapps\docs] has finished in [503] ms
20-Aug-2022 00:50:19.842 INFO [main] org.apache.catalina.startup.HostConfig.deployDirectory Deploying web application directory [C:\Users\Ali Hassan\Desktop\apache-tomcat-9.0.65- Index\apache-tomcat-9.0.65\webapps\examples]
20-Aug-2022 00:50:20.771 INFO [main] org.apache.catalina.startup.HostConfig.deployDirectory Deployment of web application directory [C:\Users\Ali Hassan\Desktop\apache-tomcat-9.0.65- Index\apache-tomcat-9.0.65\webapps\examples] has finished in [929] ms
20-Aug-2022 00:50:20.771 INFO [main] org.apache.catalina.startup.HostConfig.deployDirectory Deploying web application directory [C:\Users\Ali Hassan\Desktop\apache-tomcat-9.0.65- Index\apache-tomcat-9.0.65\webapps\host-manager]
20-Aug-2022 00:50:20.865 INFO [main] org.apache.catalina.startup.HostConfig.deployDirectory Deployment of web application directory [C:\Users\Ali Hassan\Desktop\apache-tomcat-9.0.65- Index\apache-tomcat-9.0.65\webapps\host-manager] has finished in [94] ms
20-Aug-2022 00:50:20.865 INFO [main] org.apache.catalina.startup.HostConfig.deployDirectory Deploying web application directory [C:\Users\Ali Hassan\Desktop\apache-tomcat-9.0.65- Index\apache-tomcat-9.0.65\webapps\manager]
20-Aug-2022 00:50:20.943 INFO [main] org.apache.catalina.startup.HostConfig.deployDirectory Deployment of web application directory [C:\Users\Ali Hassan\Desktop\apache-tomcat-9.0.65- Index\apache-tomcat-9.0.65\webapps\manager] has finished in [78] ms
20-Aug-2022 00:50:20.943 INFO [main] org.apache.catalina.startup.HostConfig.deployDirectory Deploying web application directory [C:\Users\Ali Hassan\Desktop\apache-tomcat-9.0.65- Index\apache-tomcat-9.0.65\webapps\ROOT]
20-Aug-2022 00:50:21.016 INFO [main] org.apache.catalina.startup.HostConfig.deployDirectory Deployment of web application directory [C:\Users\Ali Hassan\Desktop\apache-tomcat-9.0.65- Index\apache-tomcat-9.0.65\webapps\ROOT] has finished in [73] ms
20-Aug-2022 00:50:21.022 INFO [main] org.apache.coyote.AbstractProtocol.start Starting ProtocolHandler ["http-nio-8080"]
20-Aug-2022 00:50:21.086 INFO [main] org.apache.catalina.startup.Catalina.start Server startup in [1864] milliseconds
20-Aug-2022 10:58:11.482 INFO [main] org.apache.catalina.startup.VersionLoggerListener.log Server version name:   Apache Tomcat/9.0.65
20-Aug-2022 10:58:11.488 INFO [main] org.apache.catalina.startup.VersionLoggerListener.log Server built:          Jul 14 2022 12:28:53 UTC
20-Aug-2022 10:58:11.488 INFO [main] org.apache.catalina.startup.VersionLoggerListener.log Server version number: 9.0.65.0
20-Aug-2022 10:58:11.488 INFO [main] org.apache.catalina.startup.VersionLoggerListener.log OS Name:               Windows 10
20-Aug-2022 10:58:11.488 INFO [main] org.apache.catalina.startup.VersionLoggerListener.log OS Version:            10.0
20-Aug-2022 10:58:11.488 INFO [main] org.apache.catalina.startup.VersionLoggerListener.log Architecture:          amd64
20-Aug-2022 10:58:11.488 INFO [main] org.apache.catalina.startup.VersionLoggerListener.log Java Home:             C:\Program Files\Java\jdk-16.0.2
20-Aug-2022 10:58:11.488 INFO [main] org.apache.catalina.startup.VersionLoggerListener.log JVM Version:           16.0.2+7-67
20-Aug-2022 10:58:11.488 INFO [main] org.apache.catalina.startup.VersionLoggerListener.log JVM Vendor:            Oracle Corporation
20-Aug-2022 10:58:11.488 INFO [main] org.apache.catalina.startup.VersionLoggerListener.log CATALINA_BASE:         C:\Users\Ali Hassan\Desktop\Index\apache-tomcat-9.0.65
20-Aug-2022 10:58:11.488 INFO [main] org.apache.catalina.startup.VersionLoggerListener.log CATALINA_HOME:         C:\Users\Ali Hassan\Desktop\Index\apache-tomcat-9.0.65
20-Aug-2022 10:58:11.506 INFO [main] org.apache.catalina.startup.VersionLoggerListener.log Command line argument: --add-opens=java.base/java.lang=ALL-UNNAMED
20-Aug-2022 10:58:11.506 INFO [main] org.apache.catalina.startup.VersionLoggerListener.log Command line argument: --add-opens=java.base/java.io=ALL-UNNAMED
20-Aug-2022 10:58:11.506 INFO [main] org.apache.catalina.startup.VersionLoggerListener.log Command line argument: --add-opens=java.base/java.util=ALL-UNNAMED
20-Aug-2022 10:58:11.506 INFO [main] org.apache.catalina.startup.VersionLoggerListener.log Command line argument: --add-opens=java.base/java.util.concurrent=ALL-UNNAMED
20-Aug-2022 10:58:11.506 INFO [main] org.apache.catalina.startup.VersionLoggerListener.log Command line argument: --add-opens=java.rmi/sun.rmi.transport=ALL-UNNAMED
20-Aug-2022 10:58:11.506 INFO [main] org.apache.catalina.startup.VersionLoggerListener.log Command line argument: -Djava.util.logging.config.file=C:\Users\Ali Hassan\Desktop\Index\apache-tomcat-9.0.65\conf\logging.properties
20-Aug-2022 10:58:11.506 INFO [main] org.apache.catalina.startup.VersionLoggerListener.log Command line argument: -Djava.util.logging.manager=org.apache.juli.ClassLoaderLogManager
20-Aug-2022 10:58:11.506 INFO [main] org.apache.catalina.startup.VersionLoggerListener.log Command line argument: -Djdk.tls.ephemeralDHKeySize=2048
20-Aug-2022 10:58:11.506 INFO [main] org.apache.catalina.startup.VersionLoggerListener.log Command line argument: -Djava.protocol.handler.pkgs=org.apache.catalina.webresources
20-Aug-2022 10:58:11.506 INFO [main] org.apache.catalina.startup.VersionLoggerListener.log Command line argument: -Dignore.endorsed.dirs=
20-Aug-2022 10:58:11.506 INFO [main] org.apache.catalina.startup.VersionLoggerListener.log Command line argument: -Dcatalina.base=C:\Users\Ali Hassan\Desktop\Index\apache-tomcat-9.0.65
20-Aug-2022 10:58:11.506 INFO [main] org.apache.catalina.startup.VersionLoggerListener.log Command line argument: -Dcatalina.home=C:\Users\Ali Hassan\Desktop\Index\apache-tomcat-9.0.65
20-Aug-2022 10:58:11.506 INFO [main] org.apache.catalina.startup.VersionLoggerListener.log Command line argument: -Djava.io.tmpdir=C:\Users\Ali Hassan\Desktop\Index\apache-tomcat-9.0.65\temp
20-Aug-2022 10:58:11.522 INFO [main] org.apache.catalina.core.AprLifecycleListener.lifecycleEvent Loaded Apache Tomcat Native library [1.2.35] using APR version [1.7.0].
20-Aug-2022 10:58:11.522 INFO [main] org.apache.catalina.core.AprLifecycleListener.lifecycleEvent APR capabilities: IPv6 [true], sendfile [true], accept filters [false], random [true], UDS [true].
20-Aug-2022 10:58:11.522 INFO [main] org.apache.catalina.core.AprLifecycleListener.lifecycleEvent APR/OpenSSL configuration: useAprConnector [false], useOpenSSL [true]
20-Aug-2022 10:58:11.537 INFO [main] org.apache.catalina.core.AprLifecycleListener.initializeSSL OpenSSL successfully initialized [OpenSSL 1.1.1q  5 Jul 2022]
20-Aug-2022 10:58:11.959 INFO [main] org.apache.coyote.AbstractProtocol.init Initializing ProtocolHandler ["http-nio-8080"]
20-Aug-2022 10:58:12.006 INFO [main] org.apache.catalina.startup.Catalina.load Server initialization in [799] milliseconds
20-Aug-2022 10:58:12.084 INFO [main] org.apache.catalina.core.StandardService.startInternal Starting service [Catalina]
20-Aug-2022 10:58:12.084 INFO [main] org.apache.catalina.core.StandardEngine.startInternal Starting Servlet engine: [Apache Tomcat/9.0.65]
20-Aug-2022 10:58:12.100 INFO [main] org.apache.catalina.startup.HostConfig.deployDirectory Deploying web application directory [C:\Users\Ali Hassan\Desktop\Index\apache-tomcat-9.0.65\webapps\docs]
20-Aug-2022 10:58:12.537 INFO [main] org.apache.catalina.startup.HostConfig.deployDirectory Deployment of web application directory [C:\Users\Ali Hassan\Desktop\Index\apache-tomcat-9.0.65\webapps\docs] has finished in [437] ms
20-Aug-2022 10:58:12.553 INFO [main] org.apache.catalina.startup.HostConfig.deployDirectory Deploying web application directory [C:\Users\Ali Hassan\Desktop\Index\apache-tomcat-9.0.65\webapps\examples]
20-Aug-2022 10:58:13.287 INFO [main] org.apache.catalina.startup.HostConfig.deployDirectory Deployment of web application directory [C:\Users\Ali Hassan\Desktop\Index\apache-tomcat-9.0.65\webapps\examples] has finished in [734] ms
20-Aug-2022 10:58:13.287 INFO [main] org.apache.catalina.startup.HostConfig.deployDirectory Deploying web application directory [C:\Users\Ali Hassan\Desktop\Index\apache-tomcat-9.0.65\webapps\host-manager]
20-Aug-2022 10:58:13.365 INFO [main] org.apache.catalina.startup.HostConfig.deployDirectory Deployment of web application directory [C:\Users\Ali Hassan\Desktop\Index\apache-tomcat-9.0.65\webapps\host-manager] has finished in [78] ms
20-Aug-2022 10:58:13.365 INFO [main] org.apache.catalina.startup.HostConfig.deployDirectory Deploying web application directory [C:\Users\Ali Hassan\Desktop\Index\apache-tomcat-9.0.65\webapps\manager]
20-Aug-2022 10:58:13.443 INFO [main] org.apache.catalina.startup.HostConfig.deployDirectory Deployment of web application directory [C:\Users\Ali Hassan\Desktop\Index\apache-tomcat-9.0.65\webapps\manager] has finished in [78] ms
20-Aug-2022 10:58:13.443 INFO [main] org.apache.catalina.startup.HostConfig.deployDirectory Deploying web application directory [C:\Users\Ali Hassan\Desktop\Index\apache-tomcat-9.0.65\webapps\ROOT]
20-Aug-2022 10:58:13.490 INFO [main] org.apache.catalina.startup.HostConfig.deployDirectory Deployment of web application directory [C:\Users\Ali Hassan\Desktop\Index\apache-tomcat-9.0.65\webapps\ROOT] has finished in [47] ms
20-Aug-2022 10:58:13.506 INFO [main] org.apache.coyote.AbstractProtocol.start Starting ProtocolHandler ["http-nio-8080"]
20-Aug-2022 10:58:13.569 INFO [main] org.apache.catalina.startup.Catalina.start Server startup in [1563] milliseconds
20-Aug-2022 11:01:08.521 INFO [main] org.apache.catalina.startup.VersionLoggerListener.log Server version name:   Apache Tomcat/9.0.65
20-Aug-2022 11:01:08.538 INFO [main] org.apache.catalina.startup.VersionLoggerListener.log Server built:          Jul 14 2022 12:28:53 UTC
20-Aug-2022 11:01:08.538 INFO [main] org.apache.catalina.startup.VersionLoggerListener.log Server version number: 9.0.65.0
20-Aug-2022 11:01:08.538 INFO [main] org.apache.catalina.startup.VersionLoggerListener.log OS Name:               Windows 10
20-Aug-2022 11:01:08.538 INFO [main] org.apache.catalina.startup.VersionLoggerListener.log OS Version:            10.0
20-Aug-2022 11:01:08.538 INFO [main] org.apache.catalina.startup.VersionLoggerListener.log Architecture:          amd64
20-Aug-2022 11:01:08.538 INFO [main] org.apache.catalina.startup.VersionLoggerListener.log Java Home:             C:\Program Files\Java\jdk-16.0.2
20-Aug-2022 11:01:08.538 INFO [main] org.apache.catalina.startup.VersionLoggerListener.log JVM Version:           16.0.2+7-67
20-Aug-2022 11:01:08.538 INFO [main] org.apache.catalina.startup.VersionLoggerListener.log JVM Vendor:            Oracle Corporation
20-Aug-2022 11:01:08.538 INFO [main] org.apache.catalina.startup.VersionLoggerListener.log CATALINA_BASE:         C:\Users\Ali Hassan\Desktop\Admin\apache-tomcat-9.0.65
20-Aug-2022 11:01:08.538 INFO [main] org.apache.catalina.startup.VersionLoggerListener.log CATALINA_HOME:         C:\Users\Ali Hassan\Desktop\Admin\apache-tomcat-9.0.65
20-Aug-2022 11:01:08.559 INFO [main] org.apache.catalina.startup.VersionLoggerListener.log Command line argument: --add-opens=java.base/java.lang=ALL-UNNAMED
20-Aug-2022 11:01:08.559 INFO [main] org.apache.catalina.startup.VersionLoggerListener.log Command line argument: --add-opens=java.base/java.io=ALL-UNNAMED
20-Aug-2022 11:01:08.559 INFO [main] org.apache.catalina.startup.VersionLoggerListener.log Command line argument: --add-opens=java.base/java.util=ALL-UNNAMED
20-Aug-2022 11:01:08.559 INFO [main] org.apache.catalina.startup.VersionLoggerListener.log Command line argument: --add-opens=java.base/java.util.concurrent=ALL-UNNAMED
20-Aug-2022 11:01:08.559 INFO [main] org.apache.catalina.startup.VersionLoggerListener.log Command line argument: --add-opens=java.rmi/sun.rmi.transport=ALL-UNNAMED
20-Aug-2022 11:01:08.559 INFO [main] org.apache.catalina.startup.VersionLoggerListener.log Command line argument: -Djava.util.logging.config.file=C:\Users\Ali Hassan\Desktop\Admin\apache-tomcat-9.0.65\conf\logging.properties
20-Aug-2022 11:01:08.559 INFO [main] org.apache.catalina.startup.VersionLoggerListener.log Command line argument: -Djava.util.logging.manager=org.apache.juli.ClassLoaderLogManager
20-Aug-2022 11:01:08.559 INFO [main] org.apache.catalina.startup.VersionLoggerListener.log Command line argument: -Djdk.tls.ephemeralDHKeySize=2048
20-Aug-2022 11:01:08.559 INFO [main] org.apache.catalina.startup.VersionLoggerListener.log Command line argument: -Djava.protocol.handler.pkgs=org.apache.catalina.webresources
20-Aug-2022 11:01:08.559 INFO [main] org.apache.catalina.startup.VersionLoggerListener.log Command line argument: -Dignore.endorsed.dirs=
20-Aug-2022 11:01:08.559 INFO [main] org.apache.catalina.startup.VersionLoggerListener.log Command line argument: -Dcatalina.base=C:\Users\Ali Hassan\Desktop\Admin\apache-tomcat-9.0.65
20-Aug-2022 11:01:08.559 INFO [main] org.apache.catalina.startup.VersionLoggerListener.log Command line argument: -Dcatalina.home=C:\Users\Ali Hassan\Desktop\Admin\apache-tomcat-9.0.65
20-Aug-2022 11:01:08.559 INFO [main] org.apache.catalina.startup.VersionLoggerListener.log Command line argument: -Djava.io.tmpdir=C:\Users\Ali Hassan\Desktop\Admin\apache-tomcat-9.0.65\temp
20-Aug-2022 11:01:08.575 INFO [main] org.apache.catalina.core.AprLifecycleListener.lifecycleEvent Loaded Apache Tomcat Native library [1.2.35] using APR version [1.7.0].
20-Aug-2022 11:01:08.575 INFO [main] org.apache.catalina.core.AprLifecycleListener.lifecycleEvent APR capabilities: IPv6 [true], sendfile [true], accept filters [false], random [true], UDS [true].
20-Aug-2022 11:01:08.575 INFO [main] org.apache.catalina.core.AprLifecycleListener.lifecycleEvent APR/OpenSSL configuration: useAprConnector [false], useOpenSSL [true]
20-Aug-2022 11:01:08.575 INFO [main] org.apache.catalina.core.AprLifecycleListener.initializeSSL OpenSSL successfully initialized [OpenSSL 1.1.1q  5 Jul 2022]
20-Aug-2022 11:01:09.028 INFO [main] org.apache.coyote.AbstractProtocol.init Initializing ProtocolHandler ["http-nio-8080"]
20-Aug-2022 11:01:09.075 INFO [main] org.apache.catalina.startup.Catalina.load Server initialization in [790] milliseconds
20-Aug-2022 11:01:09.153 INFO [main] org.apache.catalina.core.StandardService.startInternal Starting service [Catalina]
20-Aug-2022 11:01:09.153 INFO [main] org.apache.catalina.core.StandardEngine.startInternal Starting Servlet engine: [Apache Tomcat/9.0.65]
20-Aug-2022 11:01:09.184 INFO [main] org.apache.catalina.startup.HostConfig.deployDirectory Deploying web application directory [C:\Users\Ali Hassan\Desktop\Admin\apache-tomcat-9.0.65\webapps\docs]
20-Aug-2022 11:01:09.700 INFO [main] org.apache.catalina.startup.HostConfig.deployDirectory Deployment of web application directory [C:\Users\Ali Hassan\Desktop\Admin\apache-tomcat-9.0.65\webapps\docs] has finished in [516] ms
20-Aug-2022 11:01:09.700 INFO [main] org.apache.catalina.startup.HostConfig.deployDirectory Deploying web application directory [C:\Users\Ali Hassan\Desktop\Admin\apache-tomcat-9.0.65\webapps\examples]
20-Aug-2022 11:01:10.637 INFO [main] org.apache.catalina.startup.HostConfig.deployDirectory Deployment of web application directory [C:\Users\Ali Hassan\Desktop\Admin\apache-tomcat-9.0.65\webapps\examples] has finished in [922] ms
20-Aug-2022 11:01:10.637 INFO [main] org.apache.catalina.startup.HostConfig.deployDirectory Deploying web application directory [C:\Users\Ali Hassan\Desktop\Admin\apache-tomcat-9.0.65\webapps\host-manager]
20-Aug-2022 11:01:10.715 INFO [main] org.apache.catalina.startup.HostConfig.deployDirectory Deployment of web application directory [C:\Users\Ali Hassan\Desktop\Admin\apache-tomcat-9.0.65\webapps\host-manager] has finished in [78] ms
20-Aug-2022 11:01:10.715 INFO [main] org.apache.catalina.startup.HostConfig.deployDirectory Deploying web application directory [C:\Users\Ali Hassan\Desktop\Admin\apache-tomcat-9.0.65\webapps\manager]
20-Aug-2022 11:01:10.809 INFO [main] org.apache.catalina.startup.HostConfig.deployDirectory Deployment of web application directory [C:\Users\Ali Hassan\Desktop\Admin\apache-tomcat-9.0.65\webapps\manager] has finished in [94] ms
20-Aug-2022 11:01:10.809 INFO [main] org.apache.catalina.startup.HostConfig.deployDirectory Deploying web application directory [C:\Users\Ali Hassan\Desktop\Admin\apache-tomcat-9.0.65\webapps\ROOT]
20-Aug-2022 11:01:10.872 INFO [main] org.apache.catalina.startup.HostConfig.deployDirectory Deployment of web application directory [C:\Users\Ali Hassan\Desktop\Admin\apache-tomcat-9.0.65\webapps\ROOT] has finished in [63] ms
20-Aug-2022 11:01:10.884 INFO [main] org.apache.coyote.AbstractProtocol.start Starting ProtocolHandler ["http-nio-8080"]
20-Aug-2022 11:01:10.947 INFO [main] org.apache.catalina.startup.Catalina.start Server startup in [1878] milliseconds
