27-Aug-2022 19:01:29.424 INFO [main] org.apache.catalina.startup.VersionLoggerListener.log Server version name:   Apache Tomcat/9.0.65
27-Aug-2022 19:01:29.439 INFO [main] org.apache.catalina.startup.VersionLoggerListener.log Server built:          Jul 14 2022 12:28:53 UTC
27-Aug-2022 19:01:29.439 INFO [main] org.apache.catalina.startup.VersionLoggerListener.log Server version number: 9.0.65.0
27-Aug-2022 19:01:29.439 INFO [main] org.apache.catalina.startup.VersionLoggerListener.log OS Name:               Windows 10
27-Aug-2022 19:01:29.439 INFO [main] org.apache.catalina.startup.VersionLoggerListener.log OS Version:            10.0
27-Aug-2022 19:01:29.439 INFO [main] org.apache.catalina.startup.VersionLoggerListener.log Architecture:          amd64
27-Aug-2022 19:01:29.439 INFO [main] org.apache.catalina.startup.VersionLoggerListener.log Java Home:             C:\Program Files\Java\jdk-16.0.2
27-Aug-2022 19:01:29.439 INFO [main] org.apache.catalina.startup.VersionLoggerListener.log JVM Version:           16.0.2+7-67
27-Aug-2022 19:01:29.439 INFO [main] org.apache.catalina.startup.VersionLoggerListener.log JVM Vendor:            Oracle Corporation
27-Aug-2022 19:01:29.439 INFO [main] org.apache.catalina.startup.VersionLoggerListener.log CATALINA_BASE:         C:\Users\Ali Hassan\Desktop\Complain\UI\apache-tomcat-9.0.65
27-Aug-2022 19:01:29.439 INFO [main] org.apache.catalina.startup.VersionLoggerListener.log CATALINA_HOME:         C:\Users\Ali Hassan\Desktop\Complain\UI\apache-tomcat-9.0.65
27-Aug-2022 19:01:29.455 INFO [main] org.apache.catalina.startup.VersionLoggerListener.log Command line argument: --add-opens=java.base/java.lang=ALL-UNNAMED
27-Aug-2022 19:01:29.455 INFO [main] org.apache.catalina.startup.VersionLoggerListener.log Command line argument: --add-opens=java.base/java.io=ALL-UNNAMED
27-Aug-2022 19:01:29.455 INFO [main] org.apache.catalina.startup.VersionLoggerListener.log Command line argument: --add-opens=java.base/java.util=ALL-UNNAMED
27-Aug-2022 19:01:29.455 INFO [main] org.apache.catalina.startup.VersionLoggerListener.log Command line argument: --add-opens=java.base/java.util.concurrent=ALL-UNNAMED
27-Aug-2022 19:01:29.455 INFO [main] org.apache.catalina.startup.VersionLoggerListener.log Command line argument: --add-opens=java.rmi/sun.rmi.transport=ALL-UNNAMED
27-Aug-2022 19:01:29.470 INFO [main] org.apache.catalina.startup.VersionLoggerListener.log Command line argument: -Djava.util.logging.config.file=C:\Users\Ali Hassan\Desktop\Complain\UI\apache-tomcat-9.0.65\conf\logging.properties
27-Aug-2022 19:01:29.470 INFO [main] org.apache.catalina.startup.VersionLoggerListener.log Command line argument: -Djava.util.logging.manager=org.apache.juli.ClassLoaderLogManager
27-Aug-2022 19:01:29.470 INFO [main] org.apache.catalina.startup.VersionLoggerListener.log Command line argument: -Djdk.tls.ephemeralDHKeySize=2048
27-Aug-2022 19:01:29.470 INFO [main] org.apache.catalina.startup.VersionLoggerListener.log Command line argument: -Djava.protocol.handler.pkgs=org.apache.catalina.webresources
27-Aug-2022 19:01:29.470 INFO [main] org.apache.catalina.startup.VersionLoggerListener.log Command line argument: -Dignore.endorsed.dirs=
27-Aug-2022 19:01:29.470 INFO [main] org.apache.catalina.startup.VersionLoggerListener.log Command line argument: -Dcatalina.base=C:\Users\Ali Hassan\Desktop\Complain\UI\apache-tomcat-9.0.65
27-Aug-2022 19:01:29.470 INFO [main] org.apache.catalina.startup.VersionLoggerListener.log Command line argument: -Dcatalina.home=C:\Users\Ali Hassan\Desktop\Complain\UI\apache-tomcat-9.0.65
27-Aug-2022 19:01:29.470 INFO [main] org.apache.catalina.startup.VersionLoggerListener.log Command line argument: -Djava.io.tmpdir=C:\Users\Ali Hassan\Desktop\Complain\UI\apache-tomcat-9.0.65\temp
27-Aug-2022 19:01:29.486 INFO [main] org.apache.catalina.core.AprLifecycleListener.lifecycleEvent Loaded Apache Tomcat Native library [1.2.35] using APR version [1.7.0].
27-Aug-2022 19:01:29.486 INFO [main] org.apache.catalina.core.AprLifecycleListener.lifecycleEvent APR capabilities: IPv6 [true], sendfile [true], accept filters [false], random [true], UDS [true].
27-Aug-2022 19:01:29.486 INFO [main] org.apache.catalina.core.AprLifecycleListener.lifecycleEvent APR/OpenSSL configuration: useAprConnector [false], useOpenSSL [true]
27-Aug-2022 19:01:29.502 INFO [main] org.apache.catalina.core.AprLifecycleListener.initializeSSL OpenSSL successfully initialized [OpenSSL 1.1.1q  5 Jul 2022]
27-Aug-2022 19:01:30.017 INFO [main] org.apache.coyote.AbstractProtocol.init Initializing ProtocolHandler ["http-nio-8080"]
27-Aug-2022 19:01:30.064 INFO [main] org.apache.catalina.startup.Catalina.load Server initialization in [927] milliseconds
27-Aug-2022 19:01:30.181 INFO [main] org.apache.catalina.core.StandardService.startInternal Starting service [Catalina]
27-Aug-2022 19:01:30.181 INFO [main] org.apache.catalina.core.StandardEngine.startInternal Starting Servlet engine: [Apache Tomcat/9.0.65]
27-Aug-2022 19:01:30.197 INFO [main] org.apache.catalina.startup.HostConfig.deployDirectory Deploying web application directory [C:\Users\Ali Hassan\Desktop\Complain\UI\apache-tomcat-9.0.65\webapps\docs]
27-Aug-2022 19:01:30.775 INFO [main] org.apache.catalina.startup.HostConfig.deployDirectory Deployment of web application directory [C:\Users\Ali Hassan\Desktop\Complain\UI\apache-tomcat-9.0.65\webapps\docs] has finished in [562] ms
27-Aug-2022 19:01:30.775 INFO [main] org.apache.catalina.startup.HostConfig.deployDirectory Deploying web application directory [C:\Users\Ali Hassan\Desktop\Complain\UI\apache-tomcat-9.0.65\webapps\examples]
27-Aug-2022 19:01:31.694 INFO [main] org.apache.catalina.startup.HostConfig.deployDirectory Deployment of web application directory [C:\Users\Ali Hassan\Desktop\Complain\UI\apache-tomcat-9.0.65\webapps\examples] has finished in [919] ms
27-Aug-2022 19:01:31.694 INFO [main] org.apache.catalina.startup.HostConfig.deployDirectory Deploying web application directory [C:\Users\Ali Hassan\Desktop\Complain\UI\apache-tomcat-9.0.65\webapps\host-manager]
27-Aug-2022 19:01:31.788 INFO [main] org.apache.catalina.startup.HostConfig.deployDirectory Deployment of web application directory [C:\Users\Ali Hassan\Desktop\Complain\UI\apache-tomcat-9.0.65\webapps\host-manager] has finished in [94] ms
27-Aug-2022 19:01:31.788 INFO [main] org.apache.catalina.startup.HostConfig.deployDirectory Deploying web application directory [C:\Users\Ali Hassan\Desktop\Complain\UI\apache-tomcat-9.0.65\webapps\manager]
27-Aug-2022 19:01:31.881 INFO [main] org.apache.catalina.startup.HostConfig.deployDirectory Deployment of web application directory [C:\Users\Ali Hassan\Desktop\Complain\UI\apache-tomcat-9.0.65\webapps\manager] has finished in [93] ms
27-Aug-2022 19:01:31.881 INFO [main] org.apache.catalina.startup.HostConfig.deployDirectory Deploying web application directory [C:\Users\Ali Hassan\Desktop\Complain\UI\apache-tomcat-9.0.65\webapps\ROOT]
27-Aug-2022 19:01:31.913 INFO [main] org.apache.catalina.startup.HostConfig.deployDirectory Deployment of web application directory [C:\Users\Ali Hassan\Desktop\Complain\UI\apache-tomcat-9.0.65\webapps\ROOT] has finished in [32] ms
27-Aug-2022 19:01:31.928 INFO [main] org.apache.coyote.AbstractProtocol.start Starting ProtocolHandler ["http-nio-8080"]
27-Aug-2022 19:01:32.004 INFO [main] org.apache.catalina.startup.Catalina.start Server startup in [1926] milliseconds
