25-Aug-2022 11:54:21.043 INFO [main] org.apache.catalina.startup.VersionLoggerListener.log Server version name:   Apache Tomcat/9.0.65
25-Aug-2022 11:54:21.056 INFO [main] org.apache.catalina.startup.VersionLoggerListener.log Server built:          Jul 14 2022 12:28:53 UTC
25-Aug-2022 11:54:21.056 INFO [main] org.apache.catalina.startup.VersionLoggerListener.log Server version number: 9.0.65.0
25-Aug-2022 11:54:21.056 INFO [main] org.apache.catalina.startup.VersionLoggerListener.log OS Name:               Windows 10
25-Aug-2022 11:54:21.056 INFO [main] org.apache.catalina.startup.VersionLoggerListener.log OS Version:            10.0
25-Aug-2022 11:54:21.056 INFO [main] org.apache.catalina.startup.VersionLoggerListener.log Architecture:          amd64
25-Aug-2022 11:54:21.071 INFO [main] org.apache.catalina.startup.VersionLoggerListener.log Java Home:             C:\Program Files\Java\jdk-16.0.2
25-Aug-2022 11:54:21.071 INFO [main] org.apache.catalina.startup.VersionLoggerListener.log JVM Version:           16.0.2+7-67
25-Aug-2022 11:54:21.071 INFO [main] org.apache.catalina.startup.VersionLoggerListener.log JVM Vendor:            Oracle Corporation
25-Aug-2022 11:54:21.071 INFO [main] org.apache.catalina.startup.VersionLoggerListener.log CATALINA_BASE:         C:\Users\Ali Hassan\Desktop\Admin\apache-tomcat-9.0.65
25-Aug-2022 11:54:21.071 INFO [main] org.apache.catalina.startup.VersionLoggerListener.log CATALINA_HOME:         C:\Users\Ali Hassan\Desktop\Admin\apache-tomcat-9.0.65
25-Aug-2022 11:54:21.071 INFO [main] org.apache.catalina.startup.VersionLoggerListener.log Command line argument: --add-opens=java.base/java.lang=ALL-UNNAMED
25-Aug-2022 11:54:21.071 INFO [main] org.apache.catalina.startup.VersionLoggerListener.log Command line argument: --add-opens=java.base/java.io=ALL-UNNAMED
25-Aug-2022 11:54:21.071 INFO [main] org.apache.catalina.startup.VersionLoggerListener.log Command line argument: --add-opens=java.base/java.util=ALL-UNNAMED
25-Aug-2022 11:54:21.071 INFO [main] org.apache.catalina.startup.VersionLoggerListener.log Command line argument: --add-opens=java.base/java.util.concurrent=ALL-UNNAMED
25-Aug-2022 11:54:21.071 INFO [main] org.apache.catalina.startup.VersionLoggerListener.log Command line argument: --add-opens=java.rmi/sun.rmi.transport=ALL-UNNAMED
25-Aug-2022 11:54:21.087 INFO [main] org.apache.catalina.startup.VersionLoggerListener.log Command line argument: -Djava.util.logging.config.file=C:\Users\Ali Hassan\Desktop\Admin\apache-tomcat-9.0.65\conf\logging.properties
25-Aug-2022 11:54:21.087 INFO [main] org.apache.catalina.startup.VersionLoggerListener.log Command line argument: -Djava.util.logging.manager=org.apache.juli.ClassLoaderLogManager
25-Aug-2022 11:54:21.087 INFO [main] org.apache.catalina.startup.VersionLoggerListener.log Command line argument: -Djdk.tls.ephemeralDHKeySize=2048
25-Aug-2022 11:54:21.087 INFO [main] org.apache.catalina.startup.VersionLoggerListener.log Command line argument: -Djava.protocol.handler.pkgs=org.apache.catalina.webresources
25-Aug-2022 11:54:21.087 INFO [main] org.apache.catalina.startup.VersionLoggerListener.log Command line argument: -Dignore.endorsed.dirs=
25-Aug-2022 11:54:21.087 INFO [main] org.apache.catalina.startup.VersionLoggerListener.log Command line argument: -Dcatalina.base=C:\Users\Ali Hassan\Desktop\Admin\apache-tomcat-9.0.65
25-Aug-2022 11:54:21.087 INFO [main] org.apache.catalina.startup.VersionLoggerListener.log Command line argument: -Dcatalina.home=C:\Users\Ali Hassan\Desktop\Admin\apache-tomcat-9.0.65
25-Aug-2022 11:54:21.087 INFO [main] org.apache.catalina.startup.VersionLoggerListener.log Command line argument: -Djava.io.tmpdir=C:\Users\Ali Hassan\Desktop\Admin\apache-tomcat-9.0.65\temp
25-Aug-2022 11:54:21.103 INFO [main] org.apache.catalina.core.AprLifecycleListener.lifecycleEvent Loaded Apache Tomcat Native library [1.2.35] using APR version [1.7.0].
25-Aug-2022 11:54:21.103 INFO [main] org.apache.catalina.core.AprLifecycleListener.lifecycleEvent APR capabilities: IPv6 [true], sendfile [true], accept filters [false], random [true], UDS [true].
25-Aug-2022 11:54:21.103 INFO [main] org.apache.catalina.core.AprLifecycleListener.lifecycleEvent APR/OpenSSL configuration: useAprConnector [false], useOpenSSL [true]
25-Aug-2022 11:54:21.134 INFO [main] org.apache.catalina.core.AprLifecycleListener.initializeSSL OpenSSL successfully initialized [OpenSSL 1.1.1q  5 Jul 2022]
25-Aug-2022 11:54:21.832 INFO [main] org.apache.coyote.AbstractProtocol.init Initializing ProtocolHandler ["http-nio-8080"]
25-Aug-2022 11:54:21.895 INFO [main] org.apache.catalina.startup.Catalina.load Server initialization in [1188] milliseconds
25-Aug-2022 11:54:22.013 INFO [main] org.apache.catalina.core.StandardService.startInternal Starting service [Catalina]
25-Aug-2022 11:54:22.013 INFO [main] org.apache.catalina.core.StandardEngine.startInternal Starting Servlet engine: [Apache Tomcat/9.0.65]
25-Aug-2022 11:54:22.044 INFO [main] org.apache.catalina.startup.HostConfig.deployDirectory Deploying web application directory [C:\Users\Ali Hassan\Desktop\Admin\apache-tomcat-9.0.65\webapps\docs]
25-Aug-2022 11:54:22.681 INFO [main] org.apache.catalina.startup.HostConfig.deployDirectory Deployment of web application directory [C:\Users\Ali Hassan\Desktop\Admin\apache-tomcat-9.0.65\webapps\docs] has finished in [637] ms
25-Aug-2022 11:54:22.681 INFO [main] org.apache.catalina.startup.HostConfig.deployDirectory Deploying web application directory [C:\Users\Ali Hassan\Desktop\Admin\apache-tomcat-9.0.65\webapps\examples]
25-Aug-2022 11:54:23.715 INFO [main] org.apache.catalina.startup.HostConfig.deployDirectory Deployment of web application directory [C:\Users\Ali Hassan\Desktop\Admin\apache-tomcat-9.0.65\webapps\examples] has finished in [1,034] ms
25-Aug-2022 11:54:23.715 INFO [main] org.apache.catalina.startup.HostConfig.deployDirectory Deploying web application directory [C:\Users\Ali Hassan\Desktop\Admin\apache-tomcat-9.0.65\webapps\host-manager]
25-Aug-2022 11:54:23.808 INFO [main] org.apache.catalina.startup.HostConfig.deployDirectory Deployment of web application directory [C:\Users\Ali Hassan\Desktop\Admin\apache-tomcat-9.0.65\webapps\host-manager] has finished in [93] ms
25-Aug-2022 11:54:23.808 INFO [main] org.apache.catalina.startup.HostConfig.deployDirectory Deploying web application directory [C:\Users\Ali Hassan\Desktop\Admin\apache-tomcat-9.0.65\webapps\manager]
25-Aug-2022 11:54:23.933 INFO [main] org.apache.catalina.startup.HostConfig.deployDirectory Deployment of web application directory [C:\Users\Ali Hassan\Desktop\Admin\apache-tomcat-9.0.65\webapps\manager] has finished in [125] ms
25-Aug-2022 11:54:23.933 INFO [main] org.apache.catalina.startup.HostConfig.deployDirectory Deploying web application directory [C:\Users\Ali Hassan\Desktop\Admin\apache-tomcat-9.0.65\webapps\ROOT]
25-Aug-2022 11:54:23.996 INFO [main] org.apache.catalina.startup.HostConfig.deployDirectory Deployment of web application directory [C:\Users\Ali Hassan\Desktop\Admin\apache-tomcat-9.0.65\webapps\ROOT] has finished in [63] ms
25-Aug-2022 11:54:23.996 INFO [main] org.apache.coyote.AbstractProtocol.start Starting ProtocolHandler ["http-nio-8080"]
25-Aug-2022 11:54:24.074 INFO [main] org.apache.catalina.startup.Catalina.start Server startup in [2177] milliseconds
25-Aug-2022 15:39:08.997 INFO [main] org.apache.catalina.startup.VersionLoggerListener.log Server version name:   Apache Tomcat/9.0.65
25-Aug-2022 15:39:09.017 INFO [main] org.apache.catalina.startup.VersionLoggerListener.log Server built:          Jul 14 2022 12:28:53 UTC
25-Aug-2022 15:39:09.017 INFO [main] org.apache.catalina.startup.VersionLoggerListener.log Server version number: 9.0.65.0
25-Aug-2022 15:39:09.017 INFO [main] org.apache.catalina.startup.VersionLoggerListener.log OS Name:               Windows 10
25-Aug-2022 15:39:09.017 INFO [main] org.apache.catalina.startup.VersionLoggerListener.log OS Version:            10.0
25-Aug-2022 15:39:09.017 INFO [main] org.apache.catalina.startup.VersionLoggerListener.log Architecture:          amd64
25-Aug-2022 15:39:09.017 INFO [main] org.apache.catalina.startup.VersionLoggerListener.log Java Home:             C:\Program Files\Java\jdk-16.0.2
25-Aug-2022 15:39:09.017 INFO [main] org.apache.catalina.startup.VersionLoggerListener.log JVM Version:           16.0.2+7-67
25-Aug-2022 15:39:09.017 INFO [main] org.apache.catalina.startup.VersionLoggerListener.log JVM Vendor:            Oracle Corporation
25-Aug-2022 15:39:09.017 INFO [main] org.apache.catalina.startup.VersionLoggerListener.log CATALINA_BASE:         C:\Users\Ali Hassan\Desktop\Complain\UI\apache-tomcat-9.0.65
25-Aug-2022 15:39:09.017 INFO [main] org.apache.catalina.startup.VersionLoggerListener.log CATALINA_HOME:         C:\Users\Ali Hassan\Desktop\Complain\UI\apache-tomcat-9.0.65
25-Aug-2022 15:39:09.043 INFO [main] org.apache.catalina.startup.VersionLoggerListener.log Command line argument: --add-opens=java.base/java.lang=ALL-UNNAMED
25-Aug-2022 15:39:09.043 INFO [main] org.apache.catalina.startup.VersionLoggerListener.log Command line argument: --add-opens=java.base/java.io=ALL-UNNAMED
25-Aug-2022 15:39:09.043 INFO [main] org.apache.catalina.startup.VersionLoggerListener.log Command line argument: --add-opens=java.base/java.util=ALL-UNNAMED
25-Aug-2022 15:39:09.043 INFO [main] org.apache.catalina.startup.VersionLoggerListener.log Command line argument: --add-opens=java.base/java.util.concurrent=ALL-UNNAMED
25-Aug-2022 15:39:09.043 INFO [main] org.apache.catalina.startup.VersionLoggerListener.log Command line argument: --add-opens=java.rmi/sun.rmi.transport=ALL-UNNAMED
25-Aug-2022 15:39:09.043 INFO [main] org.apache.catalina.startup.VersionLoggerListener.log Command line argument: -Djava.util.logging.config.file=C:\Users\Ali Hassan\Desktop\Complain\UI\apache-tomcat-9.0.65\conf\logging.properties
25-Aug-2022 15:39:09.043 INFO [main] org.apache.catalina.startup.VersionLoggerListener.log Command line argument: -Djava.util.logging.manager=org.apache.juli.ClassLoaderLogManager
25-Aug-2022 15:39:09.043 INFO [main] org.apache.catalina.startup.VersionLoggerListener.log Command line argument: -Djdk.tls.ephemeralDHKeySize=2048
25-Aug-2022 15:39:09.043 INFO [main] org.apache.catalina.startup.VersionLoggerListener.log Command line argument: -Djava.protocol.handler.pkgs=org.apache.catalina.webresources
25-Aug-2022 15:39:09.043 INFO [main] org.apache.catalina.startup.VersionLoggerListener.log Command line argument: -Dignore.endorsed.dirs=
25-Aug-2022 15:39:09.043 INFO [main] org.apache.catalina.startup.VersionLoggerListener.log Command line argument: -Dcatalina.base=C:\Users\Ali Hassan\Desktop\Complain\UI\apache-tomcat-9.0.65
25-Aug-2022 15:39:09.059 INFO [main] org.apache.catalina.startup.VersionLoggerListener.log Command line argument: -Dcatalina.home=C:\Users\Ali Hassan\Desktop\Complain\UI\apache-tomcat-9.0.65
25-Aug-2022 15:39:09.059 INFO [main] org.apache.catalina.startup.VersionLoggerListener.log Command line argument: -Djava.io.tmpdir=C:\Users\Ali Hassan\Desktop\Complain\UI\apache-tomcat-9.0.65\temp
25-Aug-2022 15:39:09.074 INFO [main] org.apache.catalina.core.AprLifecycleListener.lifecycleEvent Loaded Apache Tomcat Native library [1.2.35] using APR version [1.7.0].
25-Aug-2022 15:39:09.074 INFO [main] org.apache.catalina.core.AprLifecycleListener.lifecycleEvent APR capabilities: IPv6 [true], sendfile [true], accept filters [false], random [true], UDS [true].
25-Aug-2022 15:39:09.074 INFO [main] org.apache.catalina.core.AprLifecycleListener.lifecycleEvent APR/OpenSSL configuration: useAprConnector [false], useOpenSSL [true]
25-Aug-2022 15:39:09.074 INFO [main] org.apache.catalina.core.AprLifecycleListener.initializeSSL OpenSSL successfully initialized [OpenSSL 1.1.1q  5 Jul 2022]
25-Aug-2022 15:39:09.543 INFO [main] org.apache.coyote.AbstractProtocol.init Initializing ProtocolHandler ["http-nio-8080"]
25-Aug-2022 15:39:09.590 INFO [main] org.apache.catalina.startup.Catalina.load Server initialization in [867] milliseconds
25-Aug-2022 15:39:09.668 INFO [main] org.apache.catalina.core.StandardService.startInternal Starting service [Catalina]
25-Aug-2022 15:39:09.668 INFO [main] org.apache.catalina.core.StandardEngine.startInternal Starting Servlet engine: [Apache Tomcat/9.0.65]
25-Aug-2022 15:39:09.684 INFO [main] org.apache.catalina.startup.HostConfig.deployDirectory Deploying web application directory [C:\Users\Ali Hassan\Desktop\Complain\UI\apache-tomcat-9.0.65\webapps\docs]
25-Aug-2022 15:39:10.230 INFO [main] org.apache.catalina.startup.HostConfig.deployDirectory Deployment of web application directory [C:\Users\Ali Hassan\Desktop\Complain\UI\apache-tomcat-9.0.65\webapps\docs] has finished in [546] ms
25-Aug-2022 15:39:10.230 INFO [main] org.apache.catalina.startup.HostConfig.deployDirectory Deploying web application directory [C:\Users\Ali Hassan\Desktop\Complain\UI\apache-tomcat-9.0.65\webapps\examples]
25-Aug-2022 15:39:11.012 INFO [main] org.apache.catalina.startup.HostConfig.deployDirectory Deployment of web application directory [C:\Users\Ali Hassan\Desktop\Complain\UI\apache-tomcat-9.0.65\webapps\examples] has finished in [782] ms
25-Aug-2022 15:39:11.012 INFO [main] org.apache.catalina.startup.HostConfig.deployDirectory Deploying web application directory [C:\Users\Ali Hassan\Desktop\Complain\UI\apache-tomcat-9.0.65\webapps\host-manager]
25-Aug-2022 15:39:11.105 INFO [main] org.apache.catalina.startup.HostConfig.deployDirectory Deployment of web application directory [C:\Users\Ali Hassan\Desktop\Complain\UI\apache-tomcat-9.0.65\webapps\host-manager] has finished in [93] ms
25-Aug-2022 15:39:11.105 INFO [main] org.apache.catalina.startup.HostConfig.deployDirectory Deploying web application directory [C:\Users\Ali Hassan\Desktop\Complain\UI\apache-tomcat-9.0.65\webapps\manager]
25-Aug-2022 15:39:11.199 INFO [main] org.apache.catalina.startup.HostConfig.deployDirectory Deployment of web application directory [C:\Users\Ali Hassan\Desktop\Complain\UI\apache-tomcat-9.0.65\webapps\manager] has finished in [94] ms
25-Aug-2022 15:39:11.199 INFO [main] org.apache.catalina.startup.HostConfig.deployDirectory Deploying web application directory [C:\Users\Ali Hassan\Desktop\Complain\UI\apache-tomcat-9.0.65\webapps\ROOT]
25-Aug-2022 15:39:11.246 INFO [main] org.apache.catalina.startup.HostConfig.deployDirectory Deployment of web application directory [C:\Users\Ali Hassan\Desktop\Complain\UI\apache-tomcat-9.0.65\webapps\ROOT] has finished in [47] ms
25-Aug-2022 15:39:11.264 INFO [main] org.apache.coyote.AbstractProtocol.start Starting ProtocolHandler ["http-nio-8080"]
25-Aug-2022 15:39:11.327 INFO [main] org.apache.catalina.startup.Catalina.start Server startup in [1742] milliseconds
