14-Aug-2022 15:43:35.829 INFO [main] org.apache.catalina.startup.VersionLoggerListener.log Server version name:   Apache Tomcat/9.0.65
14-Aug-2022 15:43:35.836 INFO [main] org.apache.catalina.startup.VersionLoggerListener.log Server built:          Jul 14 2022 12:28:53 UTC
14-Aug-2022 15:43:35.836 INFO [main] org.apache.catalina.startup.VersionLoggerListener.log Server version number: 9.0.65.0
14-Aug-2022 15:43:35.836 INFO [main] org.apache.catalina.startup.VersionLoggerListener.log OS Name:               Windows 10
14-Aug-2022 15:43:35.836 INFO [main] org.apache.catalina.startup.VersionLoggerListener.log OS Version:            10.0
14-Aug-2022 15:43:35.836 INFO [main] org.apache.catalina.startup.VersionLoggerListener.log Architecture:          amd64
14-Aug-2022 15:43:35.836 INFO [main] org.apache.catalina.startup.VersionLoggerListener.log Java Home:             C:\Program Files\Java\jdk-16.0.2
14-Aug-2022 15:43:35.836 INFO [main] org.apache.catalina.startup.VersionLoggerListener.log JVM Version:           16.0.2+7-67
14-Aug-2022 15:43:35.836 INFO [main] org.apache.catalina.startup.VersionLoggerListener.log JVM Vendor:            Oracle Corporation
14-Aug-2022 15:43:35.836 INFO [main] org.apache.catalina.startup.VersionLoggerListener.log CATALINA_BASE:         C:\Users\Ali Hassan\Downloads\apache-tomcat-9.0.65-windows-x64\apache-tomcat-9.0.65
14-Aug-2022 15:43:35.836 INFO [main] org.apache.catalina.startup.VersionLoggerListener.log CATALINA_HOME:         C:\Users\Ali Hassan\Downloads\apache-tomcat-9.0.65-windows-x64\apache-tomcat-9.0.65
14-Aug-2022 15:43:35.857 INFO [main] org.apache.catalina.startup.VersionLoggerListener.log Command line argument: --add-opens=java.base/java.lang=ALL-UNNAMED
14-Aug-2022 15:43:35.857 INFO [main] org.apache.catalina.startup.VersionLoggerListener.log Command line argument: --add-opens=java.base/java.io=ALL-UNNAMED
14-Aug-2022 15:43:35.857 INFO [main] org.apache.catalina.startup.VersionLoggerListener.log Command line argument: --add-opens=java.base/java.util=ALL-UNNAMED
14-Aug-2022 15:43:35.857 INFO [main] org.apache.catalina.startup.VersionLoggerListener.log Command line argument: --add-opens=java.base/java.util.concurrent=ALL-UNNAMED
14-Aug-2022 15:43:35.857 INFO [main] org.apache.catalina.startup.VersionLoggerListener.log Command line argument: --add-opens=java.rmi/sun.rmi.transport=ALL-UNNAMED
14-Aug-2022 15:43:35.857 INFO [main] org.apache.catalina.startup.VersionLoggerListener.log Command line argument: -Djava.util.logging.config.file=C:\Users\Ali Hassan\Downloads\apache-tomcat-9.0.65-windows-x64\apache-tomcat-9.0.65\conf\logging.properties
14-Aug-2022 15:43:35.857 INFO [main] org.apache.catalina.startup.VersionLoggerListener.log Command line argument: -Djava.util.logging.manager=org.apache.juli.ClassLoaderLogManager
14-Aug-2022 15:43:35.857 INFO [main] org.apache.catalina.startup.VersionLoggerListener.log Command line argument: -Djdk.tls.ephemeralDHKeySize=2048
14-Aug-2022 15:43:35.857 INFO [main] org.apache.catalina.startup.VersionLoggerListener.log Command line argument: -Djava.protocol.handler.pkgs=org.apache.catalina.webresources
14-Aug-2022 15:43:35.857 INFO [main] org.apache.catalina.startup.VersionLoggerListener.log Command line argument: -Dignore.endorsed.dirs=
14-Aug-2022 15:43:35.857 INFO [main] org.apache.catalina.startup.VersionLoggerListener.log Command line argument: -Dcatalina.base=C:\Users\Ali Hassan\Downloads\apache-tomcat-9.0.65-windows-x64\apache-tomcat-9.0.65
14-Aug-2022 15:43:35.857 INFO [main] org.apache.catalina.startup.VersionLoggerListener.log Command line argument: -Dcatalina.home=C:\Users\Ali Hassan\Downloads\apache-tomcat-9.0.65-windows-x64\apache-tomcat-9.0.65
14-Aug-2022 15:43:35.857 INFO [main] org.apache.catalina.startup.VersionLoggerListener.log Command line argument: -Djava.io.tmpdir=C:\Users\Ali Hassan\Downloads\apache-tomcat-9.0.65-windows-x64\apache-tomcat-9.0.65\temp
14-Aug-2022 15:43:35.873 INFO [main] org.apache.catalina.core.AprLifecycleListener.lifecycleEvent Loaded Apache Tomcat Native library [1.2.35] using APR version [1.7.0].
14-Aug-2022 15:43:35.873 INFO [main] org.apache.catalina.core.AprLifecycleListener.lifecycleEvent APR capabilities: IPv6 [true], sendfile [true], accept filters [false], random [true], UDS [true].
14-Aug-2022 15:43:35.873 INFO [main] org.apache.catalina.core.AprLifecycleListener.lifecycleEvent APR/OpenSSL configuration: useAprConnector [false], useOpenSSL [true]
14-Aug-2022 15:43:35.873 INFO [main] org.apache.catalina.core.AprLifecycleListener.initializeSSL OpenSSL successfully initialized [OpenSSL 1.1.1q  5 Jul 2022]
14-Aug-2022 15:43:36.310 INFO [main] org.apache.coyote.AbstractProtocol.init Initializing ProtocolHandler ["http-nio-8080"]
14-Aug-2022 15:43:36.341 INFO [main] org.apache.catalina.startup.Catalina.load Server initialization in [805] milliseconds
14-Aug-2022 15:43:36.435 INFO [main] org.apache.catalina.core.StandardService.startInternal Starting service [Catalina]
14-Aug-2022 15:43:36.435 INFO [main] org.apache.catalina.core.StandardEngine.startInternal Starting Servlet engine: [Apache Tomcat/9.0.65]
14-Aug-2022 15:43:36.451 INFO [main] org.apache.catalina.startup.HostConfig.deployDirectory Deploying web application directory [C:\Users\Ali Hassan\Downloads\apache-tomcat-9.0.65-windows-x64\apache-tomcat-9.0.65\webapps\docs]
14-Aug-2022 15:43:36.899 INFO [main] org.apache.catalina.startup.HostConfig.deployDirectory Deployment of web application directory [C:\Users\Ali Hassan\Downloads\apache-tomcat-9.0.65-windows-x64\apache-tomcat-9.0.65\webapps\docs] has finished in [448] ms
14-Aug-2022 15:43:36.899 INFO [main] org.apache.catalina.startup.HostConfig.deployDirectory Deploying web application directory [C:\Users\Ali Hassan\Downloads\apache-tomcat-9.0.65-windows-x64\apache-tomcat-9.0.65\webapps\examples]
14-Aug-2022 15:43:37.684 INFO [main] org.apache.catalina.startup.HostConfig.deployDirectory Deployment of web application directory [C:\Users\Ali Hassan\Downloads\apache-tomcat-9.0.65-windows-x64\apache-tomcat-9.0.65\webapps\examples] has finished in [785] ms
14-Aug-2022 15:43:37.684 INFO [main] org.apache.catalina.startup.HostConfig.deployDirectory Deploying web application directory [C:\Users\Ali Hassan\Downloads\apache-tomcat-9.0.65-windows-x64\apache-tomcat-9.0.65\webapps\host-manager]
14-Aug-2022 15:43:37.778 INFO [main] org.apache.catalina.startup.HostConfig.deployDirectory Deployment of web application directory [C:\Users\Ali Hassan\Downloads\apache-tomcat-9.0.65-windows-x64\apache-tomcat-9.0.65\webapps\host-manager] has finished in [94] ms
14-Aug-2022 15:43:37.778 INFO [main] org.apache.catalina.startup.HostConfig.deployDirectory Deploying web application directory [C:\Users\Ali Hassan\Downloads\apache-tomcat-9.0.65-windows-x64\apache-tomcat-9.0.65\webapps\manager]
14-Aug-2022 15:43:37.857 INFO [main] org.apache.catalina.startup.HostConfig.deployDirectory Deployment of web application directory [C:\Users\Ali Hassan\Downloads\apache-tomcat-9.0.65-windows-x64\apache-tomcat-9.0.65\webapps\manager] has finished in [79] ms
14-Aug-2022 15:43:37.857 INFO [main] org.apache.catalina.startup.HostConfig.deployDirectory Deploying web application directory [C:\Users\Ali Hassan\Downloads\apache-tomcat-9.0.65-windows-x64\apache-tomcat-9.0.65\webapps\ROOT]
14-Aug-2022 15:43:37.910 INFO [main] org.apache.catalina.startup.HostConfig.deployDirectory Deployment of web application directory [C:\Users\Ali Hassan\Downloads\apache-tomcat-9.0.65-windows-x64\apache-tomcat-9.0.65\webapps\ROOT] has finished in [53] ms
14-Aug-2022 15:43:37.921 INFO [main] org.apache.coyote.AbstractProtocol.start Starting ProtocolHandler ["http-nio-8080"]
14-Aug-2022 15:43:37.968 INFO [main] org.apache.catalina.startup.Catalina.start Server startup in [1623] milliseconds
