29-Aug-2022 15:47:40.680 INFO [main] org.apache.catalina.startup.VersionLoggerListener.log Server version name:   Apache Tomcat/9.0.65
29-Aug-2022 15:47:40.685 INFO [main] org.apache.catalina.startup.VersionLoggerListener.log Server built:          Jul 14 2022 12:28:53 UTC
29-Aug-2022 15:47:40.685 INFO [main] org.apache.catalina.startup.VersionLoggerListener.log Server version number: 9.0.65.0
29-Aug-2022 15:47:40.685 INFO [main] org.apache.catalina.startup.VersionLoggerListener.log OS Name:               Windows 10
29-Aug-2022 15:47:40.685 INFO [main] org.apache.catalina.startup.VersionLoggerListener.log OS Version:            10.0
29-Aug-2022 15:47:40.685 INFO [main] org.apache.catalina.startup.VersionLoggerListener.log Architecture:          amd64
29-Aug-2022 15:47:40.685 INFO [main] org.apache.catalina.startup.VersionLoggerListener.log Java Home:             C:\Program Files\Java\jdk-16.0.2
29-Aug-2022 15:47:40.685 INFO [main] org.apache.catalina.startup.VersionLoggerListener.log JVM Version:           16.0.2+7-67
29-Aug-2022 15:47:40.685 INFO [main] org.apache.catalina.startup.VersionLoggerListener.log JVM Vendor:            Oracle Corporation
29-Aug-2022 15:47:40.685 INFO [main] org.apache.catalina.startup.VersionLoggerListener.log CATALINA_BASE:         C:\Users\Ali Hassan\Desktop\Complain\UI\apache-tomcat-9.0.65
29-Aug-2022 15:47:40.685 INFO [main] org.apache.catalina.startup.VersionLoggerListener.log CATALINA_HOME:         C:\Users\Ali Hassan\Desktop\Complain\UI\apache-tomcat-9.0.65
29-Aug-2022 15:47:40.701 INFO [main] org.apache.catalina.startup.VersionLoggerListener.log Command line argument: --add-opens=java.base/java.lang=ALL-UNNAMED
29-Aug-2022 15:47:40.717 INFO [main] org.apache.catalina.startup.VersionLoggerListener.log Command line argument: --add-opens=java.base/java.io=ALL-UNNAMED
29-Aug-2022 15:47:40.717 INFO [main] org.apache.catalina.startup.VersionLoggerListener.log Command line argument: --add-opens=java.base/java.util=ALL-UNNAMED
29-Aug-2022 15:47:40.717 INFO [main] org.apache.catalina.startup.VersionLoggerListener.log Command line argument: --add-opens=java.base/java.util.concurrent=ALL-UNNAMED
29-Aug-2022 15:47:40.717 INFO [main] org.apache.catalina.startup.VersionLoggerListener.log Command line argument: --add-opens=java.rmi/sun.rmi.transport=ALL-UNNAMED
29-Aug-2022 15:47:40.717 INFO [main] org.apache.catalina.startup.VersionLoggerListener.log Command line argument: -Djava.util.logging.config.file=C:\Users\Ali Hassan\Desktop\Complain\UI\apache-tomcat-9.0.65\conf\logging.properties
29-Aug-2022 15:47:40.717 INFO [main] org.apache.catalina.startup.VersionLoggerListener.log Command line argument: -Djava.util.logging.manager=org.apache.juli.ClassLoaderLogManager
29-Aug-2022 15:47:40.717 INFO [main] org.apache.catalina.startup.VersionLoggerListener.log Command line argument: -Djdk.tls.ephemeralDHKeySize=2048
29-Aug-2022 15:47:40.717 INFO [main] org.apache.catalina.startup.VersionLoggerListener.log Command line argument: -Djava.protocol.handler.pkgs=org.apache.catalina.webresources
29-Aug-2022 15:47:40.717 INFO [main] org.apache.catalina.startup.VersionLoggerListener.log Command line argument: -Dignore.endorsed.dirs=
29-Aug-2022 15:47:40.717 INFO [main] org.apache.catalina.startup.VersionLoggerListener.log Command line argument: -Dcatalina.base=C:\Users\Ali Hassan\Desktop\Complain\UI\apache-tomcat-9.0.65
29-Aug-2022 15:47:40.717 INFO [main] org.apache.catalina.startup.VersionLoggerListener.log Command line argument: -Dcatalina.home=C:\Users\Ali Hassan\Desktop\Complain\UI\apache-tomcat-9.0.65
29-Aug-2022 15:47:40.717 INFO [main] org.apache.catalina.startup.VersionLoggerListener.log Command line argument: -Djava.io.tmpdir=C:\Users\Ali Hassan\Desktop\Complain\UI\apache-tomcat-9.0.65\temp
29-Aug-2022 15:47:40.732 INFO [main] org.apache.catalina.core.AprLifecycleListener.lifecycleEvent Loaded Apache Tomcat Native library [1.2.35] using APR version [1.7.0].
29-Aug-2022 15:47:40.732 INFO [main] org.apache.catalina.core.AprLifecycleListener.lifecycleEvent APR capabilities: IPv6 [true], sendfile [true], accept filters [false], random [true], UDS [true].
29-Aug-2022 15:47:40.732 INFO [main] org.apache.catalina.core.AprLifecycleListener.lifecycleEvent APR/OpenSSL configuration: useAprConnector [false], useOpenSSL [true]
29-Aug-2022 15:47:40.763 INFO [main] org.apache.catalina.core.AprLifecycleListener.initializeSSL OpenSSL successfully initialized [OpenSSL 1.1.1q  5 Jul 2022]
29-Aug-2022 15:47:41.201 INFO [main] org.apache.coyote.AbstractProtocol.init Initializing ProtocolHandler ["http-nio-8080"]
29-Aug-2022 15:47:41.295 INFO [main] org.apache.catalina.startup.Catalina.load Server initialization in [897] milliseconds
29-Aug-2022 15:47:41.388 INFO [main] org.apache.catalina.core.StandardService.startInternal Starting service [Catalina]
29-Aug-2022 15:47:41.388 INFO [main] org.apache.catalina.core.StandardEngine.startInternal Starting Servlet engine: [Apache Tomcat/9.0.65]
29-Aug-2022 15:47:41.404 INFO [main] org.apache.catalina.startup.HostConfig.deployDirectory Deploying web application directory [C:\Users\Ali Hassan\Desktop\Complain\UI\apache-tomcat-9.0.65\webapps\docs]
29-Aug-2022 15:47:41.904 INFO [main] org.apache.catalina.startup.HostConfig.deployDirectory Deployment of web application directory [C:\Users\Ali Hassan\Desktop\Complain\UI\apache-tomcat-9.0.65\webapps\docs] has finished in [500] ms
29-Aug-2022 15:47:41.904 INFO [main] org.apache.catalina.startup.HostConfig.deployDirectory Deploying web application directory [C:\Users\Ali Hassan\Desktop\Complain\UI\apache-tomcat-9.0.65\webapps\examples]
29-Aug-2022 15:47:42.779 INFO [main] org.apache.catalina.startup.HostConfig.deployDirectory Deployment of web application directory [C:\Users\Ali Hassan\Desktop\Complain\UI\apache-tomcat-9.0.65\webapps\examples] has finished in [875] ms
29-Aug-2022 15:47:42.779 INFO [main] org.apache.catalina.startup.HostConfig.deployDirectory Deploying web application directory [C:\Users\Ali Hassan\Desktop\Complain\UI\apache-tomcat-9.0.65\webapps\host-manager]
29-Aug-2022 15:47:42.904 INFO [main] org.apache.catalina.startup.HostConfig.deployDirectory Deployment of web application directory [C:\Users\Ali Hassan\Desktop\Complain\UI\apache-tomcat-9.0.65\webapps\host-manager] has finished in [125] ms
29-Aug-2022 15:47:42.904 INFO [main] org.apache.catalina.startup.HostConfig.deployDirectory Deploying web application directory [C:\Users\Ali Hassan\Desktop\Complain\UI\apache-tomcat-9.0.65\webapps\manager]
29-Aug-2022 15:47:43.013 INFO [main] org.apache.catalina.startup.HostConfig.deployDirectory Deployment of web application directory [C:\Users\Ali Hassan\Desktop\Complain\UI\apache-tomcat-9.0.65\webapps\manager] has finished in [109] ms
29-Aug-2022 15:47:43.013 INFO [main] org.apache.catalina.startup.HostConfig.deployDirectory Deploying web application directory [C:\Users\Ali Hassan\Desktop\Complain\UI\apache-tomcat-9.0.65\webapps\ROOT]
29-Aug-2022 15:47:43.107 INFO [main] org.apache.catalina.startup.HostConfig.deployDirectory Deployment of web application directory [C:\Users\Ali Hassan\Desktop\Complain\UI\apache-tomcat-9.0.65\webapps\ROOT] has finished in [94] ms
29-Aug-2022 15:47:43.107 INFO [main] org.apache.coyote.AbstractProtocol.start Starting ProtocolHandler ["http-nio-8080"]
29-Aug-2022 15:47:43.170 INFO [main] org.apache.catalina.startup.Catalina.start Server startup in [1877] milliseconds
