31-Aug-2022 18:13:47.605 INFO [main] org.apache.catalina.startup.VersionLoggerListener.log Server version name:   Apache Tomcat/9.0.65
31-Aug-2022 18:13:47.679 INFO [main] org.apache.catalina.startup.VersionLoggerListener.log Server built:          Jul 14 2022 12:28:53 UTC
31-Aug-2022 18:13:47.695 INFO [main] org.apache.catalina.startup.VersionLoggerListener.log Server version number: 9.0.65.0
31-Aug-2022 18:13:47.695 INFO [main] org.apache.catalina.startup.VersionLoggerListener.log OS Name:               Windows 10
31-Aug-2022 18:13:47.695 INFO [main] org.apache.catalina.startup.VersionLoggerListener.log OS Version:            10.0
31-Aug-2022 18:13:47.695 INFO [main] org.apache.catalina.startup.VersionLoggerListener.log Architecture:          amd64
31-Aug-2022 18:13:47.695 INFO [main] org.apache.catalina.startup.VersionLoggerListener.log Java Home:             C:\Program Files\Java\jdk-16.0.2
31-Aug-2022 18:13:47.711 INFO [main] org.apache.catalina.startup.VersionLoggerListener.log JVM Version:           16.0.2+7-67
31-Aug-2022 18:13:47.711 INFO [main] org.apache.catalina.startup.VersionLoggerListener.log JVM Vendor:            Oracle Corporation
31-Aug-2022 18:13:47.711 INFO [main] org.apache.catalina.startup.VersionLoggerListener.log CATALINA_BASE:         C:\Users\Ali Hassan\Desktop\Complain\UI\apache-tomcat-9.0.65
31-Aug-2022 18:13:47.711 INFO [main] org.apache.catalina.startup.VersionLoggerListener.log CATALINA_HOME:         C:\Users\Ali Hassan\Desktop\Complain\UI\apache-tomcat-9.0.65
31-Aug-2022 18:13:47.711 INFO [main] org.apache.catalina.startup.VersionLoggerListener.log Command line argument: --add-opens=java.base/java.lang=ALL-UNNAMED
31-Aug-2022 18:13:47.711 INFO [main] org.apache.catalina.startup.VersionLoggerListener.log Command line argument: --add-opens=java.base/java.io=ALL-UNNAMED
31-Aug-2022 18:13:47.711 INFO [main] org.apache.catalina.startup.VersionLoggerListener.log Command line argument: --add-opens=java.base/java.util=ALL-UNNAMED
31-Aug-2022 18:13:47.711 INFO [main] org.apache.catalina.startup.VersionLoggerListener.log Command line argument: --add-opens=java.base/java.util.concurrent=ALL-UNNAMED
31-Aug-2022 18:13:47.711 INFO [main] org.apache.catalina.startup.VersionLoggerListener.log Command line argument: --add-opens=java.rmi/sun.rmi.transport=ALL-UNNAMED
31-Aug-2022 18:13:47.711 INFO [main] org.apache.catalina.startup.VersionLoggerListener.log Command line argument: -Djava.util.logging.config.file=C:\Users\Ali Hassan\Desktop\Complain\UI\apache-tomcat-9.0.65\conf\logging.properties
31-Aug-2022 18:13:47.711 INFO [main] org.apache.catalina.startup.VersionLoggerListener.log Command line argument: -Djava.util.logging.manager=org.apache.juli.ClassLoaderLogManager
31-Aug-2022 18:13:47.711 INFO [main] org.apache.catalina.startup.VersionLoggerListener.log Command line argument: -Djdk.tls.ephemeralDHKeySize=2048
31-Aug-2022 18:13:47.726 INFO [main] org.apache.catalina.startup.VersionLoggerListener.log Command line argument: -Djava.protocol.handler.pkgs=org.apache.catalina.webresources
31-Aug-2022 18:13:47.726 INFO [main] org.apache.catalina.startup.VersionLoggerListener.log Command line argument: -Dignore.endorsed.dirs=
31-Aug-2022 18:13:47.726 INFO [main] org.apache.catalina.startup.VersionLoggerListener.log Command line argument: -Dcatalina.base=C:\Users\Ali Hassan\Desktop\Complain\UI\apache-tomcat-9.0.65
31-Aug-2022 18:13:47.726 INFO [main] org.apache.catalina.startup.VersionLoggerListener.log Command line argument: -Dcatalina.home=C:\Users\Ali Hassan\Desktop\Complain\UI\apache-tomcat-9.0.65
31-Aug-2022 18:13:47.726 INFO [main] org.apache.catalina.startup.VersionLoggerListener.log Command line argument: -Djava.io.tmpdir=C:\Users\Ali Hassan\Desktop\Complain\UI\apache-tomcat-9.0.65\temp
31-Aug-2022 18:13:47.742 INFO [main] org.apache.catalina.core.AprLifecycleListener.lifecycleEvent Loaded Apache Tomcat Native library [1.2.35] using APR version [1.7.0].
31-Aug-2022 18:13:47.742 INFO [main] org.apache.catalina.core.AprLifecycleListener.lifecycleEvent APR capabilities: IPv6 [true], sendfile [true], accept filters [false], random [true], UDS [true].
31-Aug-2022 18:13:47.742 INFO [main] org.apache.catalina.core.AprLifecycleListener.lifecycleEvent APR/OpenSSL configuration: useAprConnector [false], useOpenSSL [true]
31-Aug-2022 18:13:47.758 INFO [main] org.apache.catalina.core.AprLifecycleListener.initializeSSL OpenSSL successfully initialized [OpenSSL 1.1.1q  5 Jul 2022]
31-Aug-2022 18:13:50.013 INFO [main] org.apache.coyote.AbstractProtocol.init Initializing ProtocolHandler ["http-nio-8080"]
31-Aug-2022 18:13:50.170 INFO [main] org.apache.catalina.startup.Catalina.load Server initialization in [3305] milliseconds
31-Aug-2022 18:13:50.310 INFO [main] org.apache.catalina.core.StandardService.startInternal Starting service [Catalina]
31-Aug-2022 18:13:50.310 INFO [main] org.apache.catalina.core.StandardEngine.startInternal Starting Servlet engine: [Apache Tomcat/9.0.65]
31-Aug-2022 18:13:50.326 INFO [main] org.apache.catalina.startup.HostConfig.deployDirectory Deploying web application directory [C:\Users\Ali Hassan\Desktop\Complain\UI\apache-tomcat-9.0.65\webapps\docs]
31-Aug-2022 18:13:51.600 WARNING [main] org.apache.catalina.util.SessionIdGeneratorBase.createSecureRandom Creation of SecureRandom instance for session ID generation using [SHA1PRNG] took [158] milliseconds.
31-Aug-2022 18:13:51.683 INFO [main] org.apache.catalina.startup.HostConfig.deployDirectory Deployment of web application directory [C:\Users\Ali Hassan\Desktop\Complain\UI\apache-tomcat-9.0.65\webapps\docs] has finished in [1,357] ms
31-Aug-2022 18:13:51.793 INFO [main] org.apache.catalina.startup.HostConfig.deployDirectory Deploying web application directory [C:\Users\Ali Hassan\Desktop\Complain\UI\apache-tomcat-9.0.65\webapps\examples]
31-Aug-2022 18:13:55.406 INFO [main] org.apache.catalina.startup.HostConfig.deployDirectory Deployment of web application directory [C:\Users\Ali Hassan\Desktop\Complain\UI\apache-tomcat-9.0.65\webapps\examples] has finished in [3,613] ms
31-Aug-2022 18:13:55.406 INFO [main] org.apache.catalina.startup.HostConfig.deployDirectory Deploying web application directory [C:\Users\Ali Hassan\Desktop\Complain\UI\apache-tomcat-9.0.65\webapps\host-manager]
31-Aug-2022 18:13:56.027 INFO [main] org.apache.catalina.startup.HostConfig.deployDirectory Deployment of web application directory [C:\Users\Ali Hassan\Desktop\Complain\UI\apache-tomcat-9.0.65\webapps\host-manager] has finished in [621] ms
31-Aug-2022 18:13:56.027 INFO [main] org.apache.catalina.startup.HostConfig.deployDirectory Deploying web application directory [C:\Users\Ali Hassan\Desktop\Complain\UI\apache-tomcat-9.0.65\webapps\manager]
31-Aug-2022 18:13:56.198 INFO [main] org.apache.catalina.startup.HostConfig.deployDirectory Deployment of web application directory [C:\Users\Ali Hassan\Desktop\Complain\UI\apache-tomcat-9.0.65\webapps\manager] has finished in [171] ms
31-Aug-2022 18:13:56.214 INFO [main] org.apache.catalina.startup.HostConfig.deployDirectory Deploying web application directory [C:\Users\Ali Hassan\Desktop\Complain\UI\apache-tomcat-9.0.65\webapps\ROOT]
31-Aug-2022 18:13:56.355 INFO [main] org.apache.catalina.startup.HostConfig.deployDirectory Deployment of web application directory [C:\Users\Ali Hassan\Desktop\Complain\UI\apache-tomcat-9.0.65\webapps\ROOT] has finished in [141] ms
31-Aug-2022 18:13:56.370 INFO [main] org.apache.coyote.AbstractProtocol.start Starting ProtocolHandler ["http-nio-8080"]
31-Aug-2022 18:13:56.667 INFO [main] org.apache.catalina.startup.Catalina.start Server startup in [6498] milliseconds
