19-Aug-2022 21:09:44.825 INFO [main] org.apache.catalina.core.ApplicationContext.log ContextListener: contextInitialized()
19-Aug-2022 21:09:44.825 INFO [main] org.apache.catalina.core.ApplicationContext.log SessionListener: contextInitialized()
19-Aug-2022 21:09:44.840 INFO [main] org.apache.catalina.core.ApplicationContext.log ContextListener: attributeAdded('StockTicker', 'async.Stockticker@1433046b')
19-Aug-2022 21:10:26.207 INFO [main] org.apache.catalina.core.ApplicationContext.log ContextListener: contextInitialized()
19-Aug-2022 21:10:26.207 INFO [main] org.apache.catalina.core.ApplicationContext.log SessionListener: contextInitialized()
19-Aug-2022 21:10:26.207 INFO [main] org.apache.catalina.core.ApplicationContext.log ContextListener: attributeAdded('StockTicker', 'async.Stockticker@2364305a')
19-Aug-2022 21:10:26.578 INFO [main] org.apache.catalina.core.ApplicationContext.log SessionListener: contextDestroyed()
19-Aug-2022 21:10:26.578 INFO [main] org.apache.catalina.core.ApplicationContext.log ContextListener: contextDestroyed()
19-Aug-2022 21:11:26.025 INFO [main] org.apache.catalina.core.ApplicationContext.log ContextListener: contextInitialized()
19-Aug-2022 21:11:26.025 INFO [main] org.apache.catalina.core.ApplicationContext.log SessionListener: contextInitialized()
19-Aug-2022 21:11:26.030 INFO [main] org.apache.catalina.core.ApplicationContext.log ContextListener: attributeAdded('StockTicker', 'async.Stockticker@2364305a')
19-Aug-2022 21:11:26.377 INFO [main] org.apache.catalina.core.ApplicationContext.log SessionListener: contextDestroyed()
19-Aug-2022 21:11:26.377 INFO [main] org.apache.catalina.core.ApplicationContext.log ContextListener: contextDestroyed()
19-Aug-2022 21:14:34.752 INFO [main] org.apache.catalina.core.ApplicationContext.log ContextListener: contextInitialized()
19-Aug-2022 21:14:34.752 INFO [main] org.apache.catalina.core.ApplicationContext.log SessionListener: contextInitialized()
19-Aug-2022 21:14:34.752 INFO [main] org.apache.catalina.core.ApplicationContext.log ContextListener: attributeAdded('StockTicker', 'async.Stockticker@58e6d4b8')
19-Aug-2022 23:09:58.295 INFO [main] org.apache.catalina.core.ApplicationContext.log ContextListener: contextInitialized()
19-Aug-2022 23:09:58.295 INFO [main] org.apache.catalina.core.ApplicationContext.log SessionListener: contextInitialized()
19-Aug-2022 23:09:58.295 INFO [main] org.apache.catalina.core.ApplicationContext.log ContextListener: attributeAdded('StockTicker', 'async.Stockticker@2b491fee')
19-Aug-2022 23:13:38.690 INFO [main] org.apache.catalina.core.ApplicationContext.log ContextListener: contextInitialized()
19-Aug-2022 23:13:38.690 INFO [main] org.apache.catalina.core.ApplicationContext.log SessionListener: contextInitialized()
19-Aug-2022 23:13:38.690 INFO [main] org.apache.catalina.core.ApplicationContext.log ContextListener: attributeAdded('StockTicker', 'async.Stockticker@1de5f0ef')
